<?xml version="1.0" encoding="UTF-8"?>
<!-- Generated by org.testng.reporters.JUnitReportReporter -->
<testsuite hostname="DESKTOP-5210PLS" failures="0" tests="4" name="tests.circularApplyTest" time="41.687" errors="0" timestamp="2023-07-29T13:14:40 BDT" skipped="0">
  <testcase classname="tests.circularApplyTest" name="goAheadTest" time="10.105"/>
  <system-out/>
  <testcase classname="tests.circularApplyTest" name="enterSSCPassInfoTest" time="10.689"/>
  <system-out/>
  <testcase classname="tests.circularApplyTest" name="enterHSCPassInfoTest" time="10.584"/>
  <system-out/>
  <testcase classname="tests.circularApplyTest" name="selectOtherAndSubmitFirstForm" time="10.309"/>
  <system-out/>
</testsuite> <!-- tests.circularApplyTest -->
