<?xml version="1.0" encoding="UTF-8"?>
<!-- Generated by org.testng.reporters.JUnitReportReporter -->
<testsuite hostname="DESKTOP-5210PLS" failures="0" tests="1" name="tests.loginTest" time="0.281" errors="0" timestamp="2023-08-13T20:30:47 BDT" skipped="0">
  <testcase classname="tests.loginTest" name="loginInTest" time="0.281"/>
  <system-out/>
</testsuite> <!-- tests.loginTest -->
