<?xml version="1.0" encoding="UTF-8"?>
<!-- Generated by org.testng.reporters.JUnitReportReporter -->
<testsuite hostname="DESKTOP-5210PLS" failures="0" tests="4" name="tests.circularApplyTest" time="41.326" errors="0" timestamp="2023-07-18T21:06:00 BDT" skipped="0">
  <testcase classname="tests.circularApplyTest" name="goAheadTest" time="10.078"/>
  <system-out/>
  <testcase classname="tests.circularApplyTest" name="enterSSCPassInfoTest" time="10.579"/>
  <system-out/>
  <testcase classname="tests.circularApplyTest" name="enterHSCPassInfoTest" time="10.418"/>
  <system-out/>
  <testcase classname="tests.circularApplyTest" name="selectOtherAndSubmitFirstForm" time="10.251"/>
  <system-out/>
</testsuite> <!-- tests.circularApplyTest -->
