<?xml version="1.0" encoding="UTF-8"?>
<!-- Generated by org.testng.reporters.JUnitReportReporter -->
<testsuite hostname="DESKTOP-5210PLS" failures="0" tests="2" name="tests.circularApplyTest" time="0.653" errors="0" timestamp="2023-08-13T20:30:47 BDT" skipped="0">
  <testcase classname="tests.circularApplyTest" name="goAheadTest" time="0.282"/>
  <system-out/>
  <testcase classname="tests.circularApplyTest" name="checkQualityTest" time="0.371"/>
  <system-out/>
</testsuite> <!-- tests.circularApplyTest -->
