<?xml version="1.0" encoding="UTF-8"?>
<!-- Generated by org.testng.reporters.JUnitReportReporter -->
<testsuite hostname="DESKTOP-5210PLS" failures="0" tests="1" name="tests.loginTest" time="15.304" errors="0" timestamp="2023-07-29T13:14:40 BDT" skipped="0">
  <testcase classname="tests.loginTest" name="loginInTest" time="15.304"/>
  <system-out/>
</testsuite> <!-- tests.loginTest -->
