<?xml version="1.0" encoding="UTF-8"?>
<!-- Generated by org.testng.reporters.JUnitReportReporter -->
<testsuite hostname="DESKTOP-5210PLS" failures="0" tests="2" name="tests.accountVerifyTest" time="0.767" errors="0" timestamp="2023-08-13T20:30:47 BDT" skipped="0">
  <testcase classname="tests.accountVerifyTest" name="clickVerifyButtonTest" time="0.372"/>
  <system-out/>
  <testcase classname="tests.accountVerifyTest" name="enterVerifyCodeTest" time="0.395"/>
  <system-out/>
</testsuite> <!-- tests.accountVerifyTest -->
