<?xml version="1.0" encoding="UTF-8"?>
<!-- Generated by org.testng.reporters.JUnitReportReporter -->
<testsuite hostname="DESKTOP-5210PLS" failures="0" tests="2" name="tests.accountVerifyTest" time="20.216" errors="0" timestamp="2023-07-29T13:14:40 BDT" skipped="0">
  <testcase classname="tests.accountVerifyTest" name="enterVerifyCodeTest" time="10.091"/>
  <system-out/>
  <testcase classname="tests.accountVerifyTest" name="clickVerifyButtonTest" time="10.125"/>
  <system-out/>
</testsuite> <!-- tests.accountVerifyTest -->
