<?xml version="1.0" encoding="UTF-8"?>
<!-- Generated by org.testng.reporters.JUnitReportReporter -->
<testsuite hostname="DESKTOP-5210PLS" failures="0" tests="1" name="tests.homeTest" time="0.447" errors="0" timestamp="2023-08-13T20:30:47 BDT" skipped="0">
  <testcase classname="tests.homeTest" name="openDetails" time="0.447"/>
  <system-out/>
</testsuite> <!-- tests.homeTest -->
