<?xml version="1.0" encoding="UTF-8"?>
<!-- Generated by org.testng.reporters.JUnitReportReporter -->
<testsuite hostname="DESKTOP-5210PLS" failures="0" tests="1" name="tests.circularDetailsTest" time="10.147" errors="0" timestamp="2023-07-18T21:06:00 BDT" skipped="0">
  <testcase classname="tests.circularDetailsTest" name="opencircularTest" time="10.147"/>
  <system-out/>
</testsuite> <!-- tests.circularDetailsTest -->
