<?xml version="1.0" encoding="UTF-8"?>
<!-- Generated by org.testng.reporters.JUnitReportReporter -->
<testsuite hostname="DESKTOP-5210PLS" failures="0" tests="1" name="tests.verifySuccessFullTest" time="0.085" errors="0" timestamp="2023-08-13T20:30:47 BDT" skipped="0">
  <testcase classname="tests.verifySuccessFullTest" name="loginButtonTest" time="0.085"/>
  <system-out/>
</testsuite> <!-- tests.verifySuccessFullTest -->
